Using TensorFlow backend.
Processing bvlc_reference_caffenet, train set
Number of images:  234842
Train images processed:  1024
Train images processed:  2048
Train images processed:  3072
Train images processed:  4096
Train images processed:  5120
Train images processed:  6144
Train images processed:  7168
Train images processed:  8192
Train images processed:  9216
Train images processed:  10240
Train images processed:  11264
Train images processed:  12288
Train images processed:  13312
Train images processed:  14336
Train images processed:  15360
Train images processed:  16384
Train images processed:  17408
Train images processed:  18432
Train images processed:  19456
Train images processed:  20480
Train images processed:  21504
Train images processed:  22528
Train images processed:  23552
Train images processed:  24576
Train images processed:  25600
Train images processed:  26624
Train images processed:  27648
Train images processed:  28672
Train images processed:  29696
Train images processed:  30720
Train images processed:  31744
Train images processed:  32768
Train images processed:  33792
Train images processed:  34816
Train images processed:  35840
Train images processed:  36864
Train images processed:  37888
Train images processed:  38912
Train images processed:  39936
Train images processed:  40960
Train images processed:  41984
Train images processed:  43008
Train images processed:  44032
Train images processed:  45056
Train images processed:  46080
Train images processed:  47104
Train images processed:  48128
Train images processed:  49152
Train images processed:  50176
Train images processed:  51200
Train images processed:  52224
Train images processed:  53248
Train images processed:  54272
Train images processed:  55296
Train images processed:  56320
Train images processed:  57344
Train images processed:  58368
Train images processed:  59392
Train images processed:  60416
Train images processed:  61440
Train images processed:  62464
Train images processed:  63488
Train images processed:  64512
Train images processed:  65536
Train images processed:  66560
Train images processed:  67584
Train images processed:  68608
Train images processed:  69632
Train images processed:  70656
Train images processed:  71680
Train images processed:  72704
Train images processed:  73728
Train images processed:  74752
Train images processed:  75776
Train images processed:  76800
Train images processed:  77824
Train images processed:  78848
Train images processed:  79872
Train images processed:  80896
Train images processed:  81920
Train images processed:  82944
Train images processed:  83968
Train images processed:  84992
Train images processed:  86016
Train images processed:  87040
Train images processed:  88064
Train images processed:  89088
Train images processed:  90112
Train images processed:  91136
Train images processed:  92160
Train images processed:  93184
Train images processed:  94208
Train images processed:  95232
Train images processed:  96256
Train images processed:  97280
Train images processed:  98304
Train images processed:  99328
Train images processed:  100352
Train images processed:  101376
Train images processed:  102400
Train images processed:  103424
Train images processed:  104448
Train images processed:  105472
Train images processed:  106496
Train images processed:  107520
Train images processed:  108544
Train images processed:  109568
Train images processed:  110592
Train images processed:  111616
Train images processed:  112640
Train images processed:  113664
Train images processed:  114688
Train images processed:  115712
Train images processed:  116736
Train images processed:  117760
Train images processed:  118784
Train images processed:  119808
Train images processed:  120832
Train images processed:  121856
Train images processed:  122880
Train images processed:  123904
Train images processed:  124928
Train images processed:  125952
Train images processed:  126976
Train images processed:  128000
Train images processed:  129024
Train images processed:  130048
Train images processed:  131072
Train images processed:  132096
Train images processed:  133120
Train images processed:  134144
Train images processed:  135168
Train images processed:  136192
Train images processed:  137216
Train images processed:  138240
Train images processed:  139264
Train images processed:  140288
Train images processed:  141312
Train images processed:  142336
Train images processed:  143360
Train images processed:  144384
Train images processed:  145408
Train images processed:  146432
Train images processed:  147456
Train images processed:  148480
Train images processed:  149504
Train images processed:  150528
Train images processed:  151552
Train images processed:  152576
Train images processed:  153600
Train images processed:  154624
Train images processed:  155648
Train images processed:  156672
Train images processed:  157696
Train images processed:  158720
Train images processed:  159744
Train images processed:  160768
Train images processed:  161792
Train images processed:  162816
Train images processed:  163840
Train images processed:  164864
Train images processed:  165888
Train images processed:  166912
Train images processed:  167936
Train images processed:  168960
Train images processed:  169984
Train images processed:  171008
Train images processed:  172032
Train images processed:  173056
Train images processed:  174080
Train images processed:  175104
Train images processed:  176128
Train images processed:  177152
Train images processed:  178176
Train images processed:  179200
Train images processed:  180224
Train images processed:  181248
Train images processed:  182272
Train images processed:  183296
Train images processed:  184320
Train images processed:  185344
Train images processed:  186368
Train images processed:  187392
Train images processed:  188416
Train images processed:  189440
Train images processed:  190464
Train images processed:  191488
Train images processed:  192512
Train images processed:  193536
Train images processed:  194560
Train images processed:  195584
Train images processed:  196608
Train images processed:  197632
Train images processed:  198656
Train images processed:  199680
Train images processed:  200704
Train images processed:  201728
Train images processed:  202752
Train images processed:  203776
Train images processed:  204800
Train images processed:  205824
Train images processed:  206848
Train images processed:  207872
Train images processed:  208896
Train images processed:  209920
Train images processed:  210944
Train images processed:  211968
Train images processed:  212992
Train images processed:  214016
Train images processed:  215040
Train images processed:  216064
Train images processed:  217088
Train images processed:  218112
Train images processed:  219136
Train images processed:  220160
Train images processed:  221184
Train images processed:  222208
Train images processed:  223232
Train images processed:  224256
Train images processed:  225280
Train images processed:  226304
Train images processed:  227328
Train images processed:  228352
Train images processed:  229376
Train images processed:  230400
Train images processed:  231424
Train images processed:  232448
Train images processed:  233472
Train images processed:  234496
Train images processed:  234842
Time passed:  7773.6 sec
Processing bvlc_reference_caffenet, test set
Number of images:  237152
Train images processed:  1024
Train images processed:  2048
Train images processed:  3072
Train images processed:  4096
Train images processed:  5120
Train images processed:  6144
Train images processed:  7168
Train images processed:  8192
Train images processed:  9216
Train images processed:  10240
Train images processed:  11264
Train images processed:  12288
Train images processed:  13312
Train images processed:  14336
Train images processed:  15360
Train images processed:  16384
Train images processed:  17408
Train images processed:  18432
Train images processed:  19456
Train images processed:  20480
Train images processed:  21504
Train images processed:  22528
Train images processed:  23552
Train images processed:  24576
Train images processed:  25600
Train images processed:  26624
Train images processed:  27648
Train images processed:  28672
Train images processed:  29696
Train images processed:  30720
Train images processed:  31744
Train images processed:  32768
Train images processed:  33792
Train images processed:  34816
Train images processed:  35840
Train images processed:  36864
Train images processed:  37888
Train images processed:  38912
Train images processed:  39936
Train images processed:  40960
Train images processed:  41984
Train images processed:  43008
Train images processed:  44032
Train images processed:  45056
Train images processed:  46080
Train images processed:  47104
Train images processed:  48128
Train images processed:  49152
Train images processed:  50176
Train images processed:  51200
Train images processed:  52224
Train images processed:  53248
Train images processed:  54272
Train images processed:  55296
Train images processed:  56320
Train images processed:  57344
Train images processed:  58368
Train images processed:  59392
Train images processed:  60416
Train images processed:  61440
Train images processed:  62464
Train images processed:  63488
Train images processed:  64512
Train images processed:  65536
Train images processed:  66560
Train images processed:  67584
Train images processed:  68608
Train images processed:  69632
Train images processed:  70656
Train images processed:  71680
Train images processed:  72704
Train images processed:  73728
Train images processed:  74752
Train images processed:  75776
Train images processed:  76800
Train images processed:  77824
Train images processed:  78848
Train images processed:  79872
Train images processed:  80896
Train images processed:  81920
Train images processed:  82944
Train images processed:  83968
Train images processed:  84992
Train images processed:  86016
Train images processed:  87040
Train images processed:  88064
Train images processed:  89088
Train images processed:  90112
Train images processed:  91136
Train images processed:  92160
Train images processed:  93184
Train images processed:  94208
Train images processed:  95232
Train images processed:  96256
Train images processed:  97280
Train images processed:  98304
Train images processed:  99328
Train images processed:  100352
Train images processed:  101376
Train images processed:  102400
Train images processed:  103424
Train images processed:  104448
Train images processed:  105472
Train images processed:  106496
Train images processed:  107520
Train images processed:  108544
Train images processed:  109568
Train images processed:  110592
Train images processed:  111616
Train images processed:  112640
Train images processed:  113664
Train images processed:  114688
Train images processed:  115712
Train images processed:  116736
Train images processed:  117760
Train images processed:  118784
Train images processed:  119808
Train images processed:  120832
Train images processed:  121856
Train images processed:  122880
Train images processed:  123904
Train images processed:  124928
Train images processed:  125952
Train images processed:  126976
Train images processed:  128000
Train images processed:  129024
Train images processed:  130048
Train images processed:  131072
Train images processed:  132096
Train images processed:  133120
Train images processed:  134144
Train images processed:  135168
Train images processed:  136192
Train images processed:  137216
Train images processed:  138240
Train images processed:  139264
Train images processed:  140288
Train images processed:  141312
Train images processed:  142336
Train images processed:  143360
Train images processed:  144384
Train images processed:  145408
Train images processed:  146432
Train images processed:  147456
Train images processed:  148480
Train images processed:  149504
Train images processed:  150528
Train images processed:  151552
Train images processed:  152576
Train images processed:  153600
Train images processed:  154624
Train images processed:  155648
Train images processed:  156672
Train images processed:  157696
Train images processed:  158720
Train images processed:  159744
Train images processed:  160768
Train images processed:  161792
Train images processed:  162816
Train images processed:  163840
Train images processed:  164864
Train images processed:  165888
Train images processed:  166912
Train images processed:  167936
Train images processed:  168960
Train images processed:  169984
Train images processed:  171008
Train images processed:  172032
Train images processed:  173056
Train images processed:  174080
Train images processed:  175104
Train images processed:  176128
Train images processed:  177152
Train images processed:  178176
Train images processed:  179200
Train images processed:  180224
Train images processed:  181248
Train images processed:  182272
Train images processed:  183296
Train images processed:  184320
Train images processed:  185344
Train images processed:  186368
Train images processed:  187392
Train images processed:  188416
Train images processed:  189440
Train images processed:  190464
Train images processed:  191488
Train images processed:  192512
Train images processed:  193536
Train images processed:  194560
Train images processed:  195584
Train images processed:  196608
Train images processed:  197632
Train images processed:  198656
Train images processed:  199680
Train images processed:  200704
Train images processed:  201728
Train images processed:  202752
Train images processed:  203776
Train images processed:  204800
Train images processed:  205824
Train images processed:  206848
Train images processed:  207872
Train images processed:  208896
Train images processed:  209920
Train images processed:  210944
Train images processed:  211968
Train images processed:  212992
Train images processed:  214016
Train images processed:  215040
Train images processed:  216064
Train images processed:  217088
Train images processed:  218112
Train images processed:  219136
Train images processed:  220160
Train images processed:  221184
Train images processed:  222208
Train images processed:  223232
Train images processed:  224256
Train images processed:  225280
Train images processed:  226304
Train images processed:  227328
Train images processed:  228352
Train images processed:  229376
Train images processed:  230400
Train images processed:  231424
Train images processed:  232448
Train images processed:  233472
Train images processed:  234496
Train images processed:  235520
Train images processed:  236544
Train images processed:  237152
Time passed:  7803.8 sec
Processing places205CNN_iter_300000, train set
Number of images:  234842
Train images processed:  1024
Train images processed:  2048
Train images processed:  3072
Train images processed:  4096
Train images processed:  5120
Train images processed:  6144
Train images processed:  7168
Train images processed:  8192
Train images processed:  9216
Train images processed:  10240
Train images processed:  11264
Train images processed:  12288
Train images processed:  13312
Train images processed:  14336
Train images processed:  15360
Train images processed:  16384
Train images processed:  17408
Train images processed:  18432
Train images processed:  19456
Train images processed:  20480
Train images processed:  21504
Train images processed:  22528
Train images processed:  23552
Train images processed:  24576
Train images processed:  25600
Train images processed:  26624
Train images processed:  27648
Train images processed:  28672
Train images processed:  29696
Train images processed:  30720
Train images processed:  31744
Train images processed:  32768
Train images processed:  33792
Train images processed:  34816
Train images processed:  35840
Train images processed:  36864
Train images processed:  37888
Train images processed:  38912
Train images processed:  39936
Train images processed:  40960
Train images processed:  41984
Train images processed:  43008
Train images processed:  44032
Train images processed:  45056
Train images processed:  46080
Train images processed:  47104
Train images processed:  48128
Train images processed:  49152
Train images processed:  50176
Train images processed:  51200
Train images processed:  52224
Train images processed:  53248
Train images processed:  54272
Train images processed:  55296
Train images processed:  56320
Train images processed:  57344
Train images processed:  58368
Train images processed:  59392
Train images processed:  60416
Train images processed:  61440
Train images processed:  62464
Train images processed:  63488
Train images processed:  64512
Train images processed:  65536
Train images processed:  66560
Train images processed:  67584
Train images processed:  68608
Train images processed:  69632
Train images processed:  70656
Train images processed:  71680
Train images processed:  72704
Train images processed:  73728
Train images processed:  74752
Train images processed:  75776
Train images processed:  76800
Train images processed:  77824
Train images processed:  78848
Train images processed:  79872
Train images processed:  80896
Train images processed:  81920
Train images processed:  82944
Train images processed:  83968
Train images processed:  84992
Train images processed:  86016
Train images processed:  87040
Train images processed:  88064
Train images processed:  89088
Train images processed:  90112
Train images processed:  91136
Train images processed:  92160
Train images processed:  93184
Train images processed:  94208
Train images processed:  95232
Train images processed:  96256
Train images processed:  97280
Train images processed:  98304
Train images processed:  99328
Train images processed:  100352
Train images processed:  101376
Train images processed:  102400
Train images processed:  103424
Train images processed:  104448
Train images processed:  105472
Train images processed:  106496
Train images processed:  107520
Train images processed:  108544
Train images processed:  109568
Train images processed:  110592
Train images processed:  111616
Train images processed:  112640
Train images processed:  113664
Train images processed:  114688
Train images processed:  115712
Train images processed:  116736
Train images processed:  117760
Train images processed:  118784
Train images processed:  119808
Train images processed:  120832
Train images processed:  121856
Train images processed:  122880
Train images processed:  123904
Train images processed:  124928
Train images processed:  125952
Train images processed:  126976
Train images processed:  128000
Train images processed:  129024
Train images processed:  130048
Train images processed:  131072
Train images processed:  132096
Train images processed:  133120
Train images processed:  134144
Train images processed:  135168
Train images processed:  136192
Train images processed:  137216
Train images processed:  138240
Train images processed:  139264
Train images processed:  140288
Train images processed:  141312
Train images processed:  142336
Train images processed:  143360
Train images processed:  144384
Train images processed:  145408
Train images processed:  146432
Train images processed:  147456
Train images processed:  148480
Train images processed:  149504
Train images processed:  150528
Train images processed:  151552
Train images processed:  152576
Train images processed:  153600
Train images processed:  154624
Train images processed:  155648
Train images processed:  156672
Train images processed:  157696
Train images processed:  158720
Train images processed:  159744
Train images processed:  160768
Train images processed:  161792
Train images processed:  162816
Train images processed:  163840
Train images processed:  164864
Train images processed:  165888
Train images processed:  166912
Train images processed:  167936
Train images processed:  168960
Train images processed:  169984
Train images processed:  171008
Train images processed:  172032
Train images processed:  173056
Train images processed:  174080
Train images processed:  175104
Train images processed:  176128
Train images processed:  177152
Train images processed:  178176
Train images processed:  179200
Train images processed:  180224
Train images processed:  181248
Train images processed:  182272
Train images processed:  183296
Train images processed:  184320
Train images processed:  185344
Train images processed:  186368
Train images processed:  187392
Train images processed:  188416
Train images processed:  189440
Train images processed:  190464
Train images processed:  191488
Train images processed:  192512
Train images processed:  193536
Train images processed:  194560
Train images processed:  195584
Train images processed:  196608
Train images processed:  197632
Train images processed:  198656
Train images processed:  199680
Train images processed:  200704
Train images processed:  201728
Train images processed:  202752
Train images processed:  203776
Train images processed:  204800
Train images processed:  205824
Train images processed:  206848
Train images processed:  207872
Train images processed:  208896
Train images processed:  209920
Train images processed:  210944
Train images processed:  211968
Train images processed:  212992
Train images processed:  214016
Train images processed:  215040
Train images processed:  216064
Train images processed:  217088
Train images processed:  218112
Train images processed:  219136
Train images processed:  220160
Train images processed:  221184
Train images processed:  222208
Train images processed:  223232
Train images processed:  224256
Train images processed:  225280
Train images processed:  226304
Train images processed:  227328
Train images processed:  228352
Train images processed:  229376
Train images processed:  230400
Train images processed:  231424
Train images processed:  232448
Train images processed:  233472
Train images processed:  234496
Train images processed:  234842
Time passed:  7763.3 sec
Processing places205CNN_iter_300000, test set
Number of images:  237152
Train images processed:  1024
Train images processed:  2048
Train images processed:  3072
Train images processed:  4096
Train images processed:  5120
Train images processed:  6144
Train images processed:  7168
Train images processed:  8192
Train images processed:  9216
Train images processed:  10240
Train images processed:  11264
Train images processed:  12288
Train images processed:  13312
Train images processed:  14336
Train images processed:  15360
Train images processed:  16384
Train images processed:  17408
Train images processed:  18432
Train images processed:  19456
Train images processed:  20480
Train images processed:  21504
Train images processed:  22528
Train images processed:  23552
Train images processed:  24576
Train images processed:  25600
Train images processed:  26624
Train images processed:  27648
Train images processed:  28672
Train images processed:  29696
Train images processed:  30720
Train images processed:  31744
Train images processed:  32768
Train images processed:  33792
Train images processed:  34816
Train images processed:  35840
Train images processed:  36864
Train images processed:  37888
Train images processed:  38912
Train images processed:  39936
Train images processed:  40960
Train images processed:  41984
Train images processed:  43008
Train images processed:  44032
Train images processed:  45056
Train images processed:  46080
Train images processed:  47104
Train images processed:  48128
Train images processed:  49152
Train images processed:  50176
Train images processed:  51200
Train images processed:  52224
Train images processed:  53248
Train images processed:  54272
Train images processed:  55296
Train images processed:  56320
Train images processed:  57344
Train images processed:  58368
Train images processed:  59392
Train images processed:  60416
Train images processed:  61440
Train images processed:  62464
Train images processed:  63488
Train images processed:  64512
Train images processed:  65536
Train images processed:  66560
Train images processed:  67584
Train images processed:  68608
Train images processed:  69632
Train images processed:  70656
Train images processed:  71680
Train images processed:  72704
Train images processed:  73728
Train images processed:  74752
Train images processed:  75776
Train images processed:  76800
Train images processed:  77824
Train images processed:  78848
Train images processed:  79872
Train images processed:  80896
Train images processed:  81920
Train images processed:  82944
Train images processed:  83968
Train images processed:  84992
Train images processed:  86016
Train images processed:  87040
Train images processed:  88064
Train images processed:  89088
Train images processed:  90112
Train images processed:  91136
Train images processed:  92160
Train images processed:  93184
Train images processed:  94208
Train images processed:  95232
Train images processed:  96256
Train images processed:  97280
Train images processed:  98304
Train images processed:  99328
Train images processed:  100352
Train images processed:  101376
Train images processed:  102400
Train images processed:  103424
Train images processed:  104448
Train images processed:  105472
Train images processed:  106496
Train images processed:  107520
Train images processed:  108544
Train images processed:  109568
Train images processed:  110592
Train images processed:  111616
Train images processed:  112640
Train images processed:  113664
Train images processed:  114688
Train images processed:  115712
Train images processed:  116736
Train images processed:  117760
Train images processed:  118784
Train images processed:  119808
Train images processed:  120832
Train images processed:  121856
Train images processed:  122880
Train images processed:  123904
Train images processed:  124928
Train images processed:  125952
Train images processed:  126976
Train images processed:  128000
Train images processed:  129024
Train images processed:  130048
Train images processed:  131072
Train images processed:  132096
Train images processed:  133120
Train images processed:  134144
Train images processed:  135168
Train images processed:  136192
Train images processed:  137216
Train images processed:  138240
Train images processed:  139264
Train images processed:  140288
Train images processed:  141312
Train images processed:  142336
Train images processed:  143360
Train images processed:  144384
Train images processed:  145408
Train images processed:  146432
Train images processed:  147456
Train images processed:  148480
Train images processed:  149504
Train images processed:  150528
Train images processed:  151552
Train images processed:  152576
Train images processed:  153600
Train images processed:  154624
Train images processed:  155648
Train images processed:  156672
Train images processed:  157696
Train images processed:  158720
Train images processed:  159744
Train images processed:  160768
Train images processed:  161792
Train images processed:  162816
Train images processed:  163840
Train images processed:  164864
Train images processed:  165888
Train images processed:  166912
Train images processed:  167936
Train images processed:  168960
Train images processed:  169984
Train images processed:  171008
Train images processed:  172032
Train images processed:  173056
Train images processed:  174080
Train images processed:  175104
Train images processed:  176128
Train images processed:  177152
Train images processed:  178176
Train images processed:  179200
Train images processed:  180224
Train images processed:  181248
Train images processed:  182272
Train images processed:  183296
Train images processed:  184320
Train images processed:  185344
Train images processed:  186368
Train images processed:  187392
Train images processed:  188416
Train images processed:  189440
Train images processed:  190464
Train images processed:  191488
Train images processed:  192512
Train images processed:  193536
Train images processed:  194560
Train images processed:  195584
Train images processed:  196608
Train images processed:  197632
Train images processed:  198656
Train images processed:  199680
Train images processed:  200704
Train images processed:  201728
Train images processed:  202752
Train images processed:  203776
Train images processed:  204800
Train images processed:  205824
Train images processed:  206848
Train images processed:  207872
Train images processed:  208896
Train images processed:  209920
Train images processed:  210944
Train images processed:  211968
Train images processed:  212992
Train images processed:  214016
Train images processed:  215040
Train images processed:  216064
Train images processed:  217088
Train images processed:  218112
Train images processed:  219136
Train images processed:  220160
Train images processed:  221184
Train images processed:  222208
Train images processed:  223232
Train images processed:  224256
Train images processed:  225280
Train images processed:  226304
Train images processed:  227328
Train images processed:  228352
Train images processed:  229376
Train images processed:  230400
Train images processed:  231424
Train images processed:  232448
Train images processed:  233472
Train images processed:  234496
Train images processed:  235520
Train images processed:  236544
Train images processed:  237152
Time passed:  7955.4 sec
Processing hybridCNN_iter_700000, train set
Number of images:  234842
Train images processed:  1024
Train images processed:  2048
Train images processed:  3072
Train images processed:  4096
Train images processed:  5120
Train images processed:  6144
Train images processed:  7168
Train images processed:  8192
Train images processed:  9216
Train images processed:  10240
Train images processed:  11264
Train images processed:  12288
Train images processed:  13312
Train images processed:  14336
Train images processed:  15360
Train images processed:  16384
Train images processed:  17408
Train images processed:  18432
Train images processed:  19456
Train images processed:  20480
Train images processed:  21504
Train images processed:  22528
Train images processed:  23552
Train images processed:  24576
Train images processed:  25600
Train images processed:  26624
Train images processed:  27648
Train images processed:  28672
Train images processed:  29696
Train images processed:  30720
Train images processed:  31744
Train images processed:  32768
Train images processed:  33792
Train images processed:  34816
Train images processed:  35840
Train images processed:  36864
Train images processed:  37888
Train images processed:  38912
Train images processed:  39936
Train images processed:  40960
Train images processed:  41984
Train images processed:  43008
Train images processed:  44032
Train images processed:  45056
Train images processed:  46080
Train images processed:  47104
Train images processed:  48128
Train images processed:  49152
Train images processed:  50176
Train images processed:  51200
Train images processed:  52224
Train images processed:  53248
Train images processed:  54272
Train images processed:  55296
Train images processed:  56320
Train images processed:  57344
Train images processed:  58368
Train images processed:  59392
Train images processed:  60416
Train images processed:  61440
Train images processed:  62464
Train images processed:  63488
Train images processed:  64512
Train images processed:  65536
Train images processed:  66560
Train images processed:  67584
Train images processed:  68608
Train images processed:  69632
Train images processed:  70656
Train images processed:  71680
Train images processed:  72704
Train images processed:  73728
Train images processed:  74752
Train images processed:  75776
Train images processed:  76800
Train images processed:  77824
Train images processed:  78848
Train images processed:  79872
Train images processed:  80896
Train images processed:  81920
Train images processed:  82944
Train images processed:  83968
Train images processed:  84992
Train images processed:  86016
Train images processed:  87040
Train images processed:  88064
Train images processed:  89088
Train images processed:  90112
Train images processed:  91136
Train images processed:  92160
Train images processed:  93184
Train images processed:  94208
Train images processed:  95232
Train images processed:  96256
Train images processed:  97280
Train images processed:  98304
Train images processed:  99328
Train images processed:  100352
Train images processed:  101376
Train images processed:  102400
Train images processed:  103424
Train images processed:  104448
Train images processed:  105472
Train images processed:  106496
Train images processed:  107520
Train images processed:  108544
Train images processed:  109568
Train images processed:  110592
Train images processed:  111616
Train images processed:  112640
Train images processed:  113664
Train images processed:  114688
Train images processed:  115712
Train images processed:  116736
Train images processed:  117760
Train images processed:  118784
Train images processed:  119808
Train images processed:  120832
Train images processed:  121856
Train images processed:  122880
Train images processed:  123904
Train images processed:  124928
Train images processed:  125952
Train images processed:  126976
Train images processed:  128000
Train images processed:  129024
Train images processed:  130048
Train images processed:  131072
Train images processed:  132096
Train images processed:  133120
Train images processed:  134144
Train images processed:  135168
Train images processed:  136192
Train images processed:  137216
Train images processed:  138240
Train images processed:  139264
Train images processed:  140288
Train images processed:  141312
Train images processed:  142336
Train images processed:  143360
Train images processed:  144384
Train images processed:  145408
Train images processed:  146432
Train images processed:  147456
Train images processed:  148480
Train images processed:  149504
Train images processed:  150528
Train images processed:  151552
Train images processed:  152576
Train images processed:  153600
Train images processed:  154624
Train images processed:  155648
Train images processed:  156672
Train images processed:  157696
Train images processed:  158720
Train images processed:  159744
Train images processed:  160768
Train images processed:  161792
Train images processed:  162816
Train images processed:  163840
Train images processed:  164864
Train images processed:  165888
Train images processed:  166912
Train images processed:  167936
Train images processed:  168960
Train images processed:  169984
Train images processed:  171008
Train images processed:  172032
Train images processed:  173056
Train images processed:  174080
Train images processed:  175104
Train images processed:  176128
Train images processed:  177152
Train images processed:  178176
Train images processed:  179200
Train images processed:  180224
Train images processed:  181248
Train images processed:  182272
Train images processed:  183296
Train images processed:  184320
Train images processed:  185344
Train images processed:  186368
Train images processed:  187392
Train images processed:  188416
Train images processed:  189440
Train images processed:  190464
Train images processed:  191488
Train images processed:  192512
Train images processed:  193536
Train images processed:  194560
Train images processed:  195584
Train images processed:  196608
Train images processed:  197632
Train images processed:  198656
Train images processed:  199680
Train images processed:  200704
Train images processed:  201728
Train images processed:  202752
Train images processed:  203776
Train images processed:  204800
Train images processed:  205824
Train images processed:  206848
Train images processed:  207872
Train images processed:  208896
Train images processed:  209920
Train images processed:  210944
Train images processed:  211968
Train images processed:  212992
Train images processed:  214016
Train images processed:  215040
Train images processed:  216064
Train images processed:  217088
Train images processed:  218112
Train images processed:  219136
Train images processed:  220160
Train images processed:  221184
Train images processed:  222208
Train images processed:  223232
Train images processed:  224256
Train images processed:  225280
Train images processed:  226304
Train images processed:  227328
Train images processed:  228352
Train images processed:  229376
Train images processed:  230400
Train images processed:  231424
Train images processed:  232448
Train images processed:  233472
Train images processed:  234496
Train images processed:  234842
Time passed:  8076.5 sec
Processing hybridCNN_iter_700000, test set
Number of images:  237152
Train images processed:  1024
Train images processed:  2048
Train images processed:  3072
Train images processed:  4096
Train images processed:  5120
Train images processed:  6144
Train images processed:  7168
Train images processed:  8192
Train images processed:  9216
Train images processed:  10240
Train images processed:  11264
Train images processed:  12288
Train images processed:  13312
Train images processed:  14336
Train images processed:  15360
Train images processed:  16384
Train images processed:  17408
Train images processed:  18432
Train images processed:  19456
Train images processed:  20480
Train images processed:  21504
Train images processed:  22528
Train images processed:  23552
Train images processed:  24576
Train images processed:  25600
Train images processed:  26624
Train images processed:  27648
Train images processed:  28672
Train images processed:  29696
Train images processed:  30720
Train images processed:  31744
Train images processed:  32768
Train images processed:  33792
Train images processed:  34816
Train images processed:  35840
Train images processed:  36864
Train images processed:  37888
Train images processed:  38912
Train images processed:  39936
Train images processed:  40960
Train images processed:  41984
Train images processed:  43008
Train images processed:  44032
Train images processed:  45056
Train images processed:  46080
Train images processed:  47104
Train images processed:  48128
Train images processed:  49152
Train images processed:  50176
Train images processed:  51200
Train images processed:  52224
Train images processed:  53248
Train images processed:  54272
Train images processed:  55296
Train images processed:  56320
Train images processed:  57344
Train images processed:  58368
Train images processed:  59392
Train images processed:  60416
Train images processed:  61440
Train images processed:  62464
Train images processed:  63488
Train images processed:  64512
Train images processed:  65536
Train images processed:  66560
Train images processed:  67584
Train images processed:  68608
Train images processed:  69632
Train images processed:  70656
Train images processed:  71680
Train images processed:  72704
Train images processed:  73728
Train images processed:  74752
Train images processed:  75776
Train images processed:  76800
Train images processed:  77824
Train images processed:  78848
Train images processed:  79872
Train images processed:  80896
Train images processed:  81920
Train images processed:  82944
Train images processed:  83968
Train images processed:  84992
Train images processed:  86016
Train images processed:  87040
Train images processed:  88064
Train images processed:  89088
Train images processed:  90112
Train images processed:  91136
Train images processed:  92160
Train images processed:  93184
Train images processed:  94208
Train images processed:  95232
Train images processed:  96256
Train images processed:  97280
Train images processed:  98304
Train images processed:  99328
Train images processed:  100352
Train images processed:  101376
Train images processed:  102400
Train images processed:  103424
Train images processed:  104448
Train images processed:  105472
Train images processed:  106496
Train images processed:  107520
Train images processed:  108544
Train images processed:  109568
Train images processed:  110592
Train images processed:  111616
Train images processed:  112640
Train images processed:  113664
Train images processed:  114688
Train images processed:  115712
Train images processed:  116736
Train images processed:  117760
Train images processed:  118784
Train images processed:  119808
Train images processed:  120832
Train images processed:  121856
Train images processed:  122880
Train images processed:  123904
Train images processed:  124928
Train images processed:  125952
Train images processed:  126976
Train images processed:  128000
Train images processed:  129024
Train images processed:  130048
Train images processed:  131072
Train images processed:  132096
Train images processed:  133120
Train images processed:  134144
Train images processed:  135168
Train images processed:  136192
Train images processed:  137216
Train images processed:  138240
Train images processed:  139264
Train images processed:  140288
Train images processed:  141312
Train images processed:  142336
Train images processed:  143360
Train images processed:  144384
Train images processed:  145408
Train images processed:  146432
Train images processed:  147456
Train images processed:  148480
Train images processed:  149504
Train images processed:  150528
Train images processed:  151552
Train images processed:  152576
Train images processed:  153600
Train images processed:  154624
Train images processed:  155648
Train images processed:  156672
Train images processed:  157696
Train images processed:  158720
Train images processed:  159744
Train images processed:  160768
Train images processed:  161792
Train images processed:  162816
Train images processed:  163840
Train images processed:  164864
Train images processed:  165888
Train images processed:  166912
Train images processed:  167936
Train images processed:  168960
Train images processed:  169984
Train images processed:  171008
Train images processed:  172032
Train images processed:  173056
Train images processed:  174080
Train images processed:  175104
Train images processed:  176128
Train images processed:  177152
Train images processed:  178176
Train images processed:  179200
Train images processed:  180224
Train images processed:  181248
Train images processed:  182272
Train images processed:  183296
Train images processed:  184320
Train images processed:  185344
Train images processed:  186368
Train images processed:  187392
Train images processed:  188416
Train images processed:  189440
Train images processed:  190464
Train images processed:  191488
Train images processed:  192512
Train images processed:  193536
Train images processed:  194560
Train images processed:  195584
Train images processed:  196608
Train images processed:  197632
Train images processed:  198656
Train images processed:  199680
Train images processed:  200704
Train images processed:  201728
Train images processed:  202752
Train images processed:  203776
Train images processed:  204800
Train images processed:  205824
Train images processed:  206848
Train images processed:  207872
Train images processed:  208896
Train images processed:  209920
Train images processed:  210944
Train images processed:  211968
Train images processed:  212992
Train images processed:  214016
Train images processed:  215040
Train images processed:  216064
Train images processed:  217088
Train images processed:  218112
Train images processed:  219136
Train images processed:  220160
Train images processed:  221184
Train images processed:  222208
Train images processed:  223232
Train images processed:  224256
Train images processed:  225280
Train images processed:  226304
Train images processed:  227328
Train images processed:  228352
Train images processed:  229376
Train images processed:  230400
Train images processed:  231424
Train images processed:  232448
Train images processed:  233472
Train images processed:  234496
Train images processed:  235520
Train images processed:  236544
Train images processed:  237152
Time passed:  8060.3 sec
Processing bvlc_alexnet, train set
Number of images:  234842
Train images processed:  1024
Train images processed:  2048
Train images processed:  3072
Train images processed:  4096
Train images processed:  5120
Train images processed:  6144
Train images processed:  7168
Train images processed:  8192
Train images processed:  9216
Train images processed:  10240
Train images processed:  11264
Train images processed:  12288
Train images processed:  13312
Train images processed:  14336
Train images processed:  15360
Train images processed:  16384
Train images processed:  17408
Train images processed:  18432
Train images processed:  19456
Train images processed:  20480
Train images processed:  21504
Train images processed:  22528
Train images processed:  23552
Train images processed:  24576
Train images processed:  25600
Train images processed:  26624
Train images processed:  27648
Train images processed:  28672
Train images processed:  29696
Train images processed:  30720
Train images processed:  31744
Train images processed:  32768
Train images processed:  33792
Train images processed:  34816
Train images processed:  35840
Train images processed:  36864
Train images processed:  37888
Train images processed:  38912
Train images processed:  39936
Train images processed:  40960
Train images processed:  41984
Train images processed:  43008
Train images processed:  44032
Train images processed:  45056
Train images processed:  46080
Train images processed:  47104
Train images processed:  48128
Train images processed:  49152
Train images processed:  50176
Train images processed:  51200
Train images processed:  52224
Train images processed:  53248
Train images processed:  54272
Train images processed:  55296
Train images processed:  56320
Train images processed:  57344
Train images processed:  58368
Train images processed:  59392
Train images processed:  60416
Train images processed:  61440
Train images processed:  62464
Train images processed:  63488
Train images processed:  64512
Train images processed:  65536
Train images processed:  66560
Train images processed:  67584
Train images processed:  68608
Train images processed:  69632
Train images processed:  70656
Train images processed:  71680
Train images processed:  72704
Train images processed:  73728
Train images processed:  74752
Train images processed:  75776
Train images processed:  76800
Train images processed:  77824
Train images processed:  78848
Train images processed:  79872
Train images processed:  80896
Train images processed:  81920
Train images processed:  82944
Train images processed:  83968
Train images processed:  84992
Train images processed:  86016
Train images processed:  87040
Train images processed:  88064
Train images processed:  89088
Train images processed:  90112
Train images processed:  91136
Train images processed:  92160
Train images processed:  93184
Train images processed:  94208
Train images processed:  95232
Train images processed:  96256
Train images processed:  97280
Train images processed:  98304
Train images processed:  99328
Train images processed:  100352
Train images processed:  101376
Train images processed:  102400
Train images processed:  103424
Train images processed:  104448
Train images processed:  105472
Train images processed:  106496
Train images processed:  107520
Train images processed:  108544
Train images processed:  109568
Train images processed:  110592
Train images processed:  111616
Train images processed:  112640
Train images processed:  113664
Train images processed:  114688
Train images processed:  115712
Train images processed:  116736
Train images processed:  117760
Train images processed:  118784
Train images processed:  119808
Train images processed:  120832
Train images processed:  121856
Train images processed:  122880
Train images processed:  123904
Train images processed:  124928
Train images processed:  125952
Train images processed:  126976
Train images processed:  128000
Train images processed:  129024
Train images processed:  130048
Train images processed:  131072
Train images processed:  132096
Train images processed:  133120
Train images processed:  134144
Train images processed:  135168
Train images processed:  136192
Train images processed:  137216
Train images processed:  138240
Train images processed:  139264
Train images processed:  140288
Train images processed:  141312
Train images processed:  142336
Train images processed:  143360
Train images processed:  144384
Train images processed:  145408
Train images processed:  146432
Train images processed:  147456
Train images processed:  148480
Train images processed:  149504
Train images processed:  150528
Train images processed:  151552
Train images processed:  152576
Train images processed:  153600
Train images processed:  154624
Train images processed:  155648
Train images processed:  156672
Train images processed:  157696
Train images processed:  158720
Train images processed:  159744
Train images processed:  160768
Train images processed:  161792
Train images processed:  162816
Train images processed:  163840
Train images processed:  164864
Train images processed:  165888
Train images processed:  166912
Train images processed:  167936
Train images processed:  168960
Train images processed:  169984
Train images processed:  171008
Train images processed:  172032
Train images processed:  173056
Train images processed:  174080
Train images processed:  175104
Train images processed:  176128
Train images processed:  177152
Train images processed:  178176
Train images processed:  179200
Train images processed:  180224
Train images processed:  181248
Train images processed:  182272
Train images processed:  183296
Train images processed:  184320
Train images processed:  185344
Train images processed:  186368
Train images processed:  187392
Train images processed:  188416
Train images processed:  189440
Train images processed:  190464
Train images processed:  191488
Train images processed:  192512
Train images processed:  193536
Train images processed:  194560
Train images processed:  195584
Train images processed:  196608
Train images processed:  197632
Train images processed:  198656
Train images processed:  199680
Train images processed:  200704
Train images processed:  201728
Train images processed:  202752
Train images processed:  203776
Train images processed:  204800
Train images processed:  205824
Train images processed:  206848
Train images processed:  207872
Train images processed:  208896
Train images processed:  209920
Train images processed:  210944
Train images processed:  211968
Train images processed:  212992
Train images processed:  214016
Train images processed:  215040
Train images processed:  216064
Train images processed:  217088
Train images processed:  218112
Train images processed:  219136
Train images processed:  220160
Train images processed:  221184
Train images processed:  222208
Train images processed:  223232
Train images processed:  224256
Train images processed:  225280
Train images processed:  226304
Train images processed:  227328
Train images processed:  228352
Train images processed:  229376
Train images processed:  230400
Train images processed:  231424
Train images processed:  232448
Train images processed:  233472
Train images processed:  234496
Train images processed:  234842
Time passed:  8227.5 sec
Processing bvlc_alexnet, test set
Number of images:  237152
Train images processed:  1024
Train images processed:  2048
Train images processed:  3072
Train images processed:  4096
Train images processed:  5120
Train images processed:  6144
Train images processed:  7168
Train images processed:  8192
Train images processed:  9216
Train images processed:  10240
Train images processed:  11264
Train images processed:  12288
Train images processed:  13312
Train images processed:  14336
Train images processed:  15360
Train images processed:  16384
Train images processed:  17408
Train images processed:  18432
Train images processed:  19456
Train images processed:  20480
Train images processed:  21504
Train images processed:  22528
Train images processed:  23552
Train images processed:  24576
Train images processed:  25600
Train images processed:  26624
Train images processed:  27648
Train images processed:  28672
Train images processed:  29696
Train images processed:  30720
Train images processed:  31744
Train images processed:  32768
Train images processed:  33792
Train images processed:  34816
Train images processed:  35840
Train images processed:  36864
Train images processed:  37888
Train images processed:  38912
Train images processed:  39936
Train images processed:  40960
Train images processed:  41984
Train images processed:  43008
Train images processed:  44032
Train images processed:  45056
Train images processed:  46080
Train images processed:  47104
Train images processed:  48128
Train images processed:  49152
Train images processed:  50176
Train images processed:  51200
Train images processed:  52224
Train images processed:  53248
Train images processed:  54272
Train images processed:  55296
Train images processed:  56320
Train images processed:  57344
Train images processed:  58368
Train images processed:  59392
Train images processed:  60416
Train images processed:  61440
Train images processed:  62464
Train images processed:  63488
Train images processed:  64512
Train images processed:  65536
Train images processed:  66560
Train images processed:  67584
Train images processed:  68608
Train images processed:  69632
Train images processed:  70656
Train images processed:  71680
Train images processed:  72704
Train images processed:  73728
Train images processed:  74752
Train images processed:  75776
Train images processed:  76800
Train images processed:  77824
Train images processed:  78848
Train images processed:  79872
Train images processed:  80896
Train images processed:  81920
Train images processed:  82944
Train images processed:  83968
Train images processed:  84992
Train images processed:  86016
Train images processed:  87040
Train images processed:  88064
Train images processed:  89088
Train images processed:  90112
Train images processed:  91136
Train images processed:  92160
Train images processed:  93184
Train images processed:  94208
Train images processed:  95232
Train images processed:  96256
Train images processed:  97280
Train images processed:  98304
Train images processed:  99328
Train images processed:  100352
Train images processed:  101376
Train images processed:  102400
Train images processed:  103424
Train images processed:  104448
Train images processed:  105472
Train images processed:  106496
Train images processed:  107520
Train images processed:  108544
Train images processed:  109568
Train images processed:  110592
Train images processed:  111616
Train images processed:  112640
Train images processed:  113664
Train images processed:  114688
Train images processed:  115712
Train images processed:  116736
Train images processed:  117760
Train images processed:  118784
Train images processed:  119808
Train images processed:  120832
Train images processed:  121856
Train images processed:  122880
Train images processed:  123904
Train images processed:  124928
Train images processed:  125952
Train images processed:  126976
Train images processed:  128000
Train images processed:  129024
Train images processed:  130048
Train images processed:  131072
Train images processed:  132096
Train images processed:  133120
Train images processed:  134144
Train images processed:  135168
Train images processed:  136192
Train images processed:  137216
Train images processed:  138240
Train images processed:  139264
Train images processed:  140288
Train images processed:  141312
Train images processed:  142336
Train images processed:  143360
Train images processed:  144384
Train images processed:  145408
Train images processed:  146432
Train images processed:  147456
Train images processed:  148480
Train images processed:  149504
Train images processed:  150528
Train images processed:  151552
Train images processed:  152576
Train images processed:  153600
Train images processed:  154624
Train images processed:  155648
Train images processed:  156672
Train images processed:  157696
Train images processed:  158720
Train images processed:  159744
Train images processed:  160768
Train images processed:  161792
Train images processed:  162816
Train images processed:  163840
Train images processed:  164864
Train images processed:  165888
Train images processed:  166912
Train images processed:  167936
Train images processed:  168960
Train images processed:  169984
Train images processed:  171008
Train images processed:  172032
Train images processed:  173056
Train images processed:  174080
Train images processed:  175104
Train images processed:  176128
Train images processed:  177152
Train images processed:  178176
Train images processed:  179200
Train images processed:  180224
Train images processed:  181248
Train images processed:  182272
Train images processed:  183296
Train images processed:  184320
Train images processed:  185344
Train images processed:  186368
Train images processed:  187392
Train images processed:  188416
Train images processed:  189440
Train images processed:  190464
Train images processed:  191488
Train images processed:  192512
Train images processed:  193536
Train images processed:  194560
Train images processed:  195584
Train images processed:  196608
Train images processed:  197632
Train images processed:  198656
Train images processed:  199680
Train images processed:  200704
Train images processed:  201728
Train images processed:  202752
Train images processed:  203776
Train images processed:  204800
Train images processed:  205824
Train images processed:  206848
Train images processed:  207872
Train images processed:  208896
Train images processed:  209920
Train images processed:  210944
Train images processed:  211968
Train images processed:  212992
Train images processed:  214016
Train images processed:  215040
Train images processed:  216064
Train images processed:  217088
Train images processed:  218112
Train images processed:  219136
Train images processed:  220160
Train images processed:  221184
Train images processed:  222208
Train images processed:  223232
Train images processed:  224256
Train images processed:  225280
Train images processed:  226304
Train images processed:  227328
Train images processed:  228352
Train images processed:  229376
Train images processed:  230400
Train images processed:  231424
Train images processed:  232448
Train images processed:  233472
Train images processed:  234496
Train images processed:  235520
Train images processed:  236544
Train images processed:  237152
Time passed:  8126.3 sec
slurmstepd: error: Exceeded step memory limit at some point.
slurmstepd: error: Exceeded job memory limit at some point.
